TRACK_TIME 1527529194.0
TRACK SWA1897 B733 285842.96 1133339.59 130 330 0 ZAB ZAB71
   FP_ROUTE PHX./.BLH..BOILE..LOSHN.DYAMD3.I28L.RW01R.<>.SFO

TRACK_TIME 1527529194.0
TRACK SWA1898 B733 	355051.390 1200001.710  0 330 28 ZOA ZOA46
    FP_ROUTE KSFO./.LOSHN..BOILE..BLH.HYDRR1.I07R.RW07R.<>.KPHX
